0 info it worked if it ends with ok
1 verbose cli [ '/usr/local/bin/node',
1 verbose cli   '/usr/local/bin/npm',
1 verbose cli   'install',
1 verbose cli   '-g',
1 verbose cli   'aws-sdk' ]
2 info using npm@1.4.28
3 info using node@v0.10.38
4 verbose cache add [ 'aws-sdk', null ]
5 verbose cache add name=undefined spec="aws-sdk" args=["aws-sdk",null]
6 verbose parsed url { protocol: null,
6 verbose parsed url   slashes: null,
6 verbose parsed url   auth: null,
6 verbose parsed url   host: null,
6 verbose parsed url   port: null,
6 verbose parsed url   hostname: null,
6 verbose parsed url   hash: null,
6 verbose parsed url   search: null,
6 verbose parsed url   query: null,
6 verbose parsed url   pathname: 'aws-sdk',
6 verbose parsed url   path: 'aws-sdk',
6 verbose parsed url   href: 'aws-sdk' }
7 silly lockFile 9510eae3-aws-sdk aws-sdk
8 verbose lock aws-sdk /home/asafg84/.npm/9510eae3-aws-sdk.lock
9 silly lockFile 9510eae3-aws-sdk aws-sdk
10 silly lockFile 9510eae3-aws-sdk aws-sdk
11 verbose addNamed [ 'aws-sdk', '' ]
12 verbose addNamed [ null, '*' ]
13 silly lockFile c43bae9a-aws-sdk aws-sdk@
14 verbose lock aws-sdk@ /home/asafg84/.npm/c43bae9a-aws-sdk.lock
15 silly addNameRange { name: 'aws-sdk', range: '*', hasData: false }
16 verbose request where is /aws-sdk
17 verbose request registry https://registry.npmjs.org/
18 verbose request id adb8b29c07cd550a
19 verbose url raw /aws-sdk
20 verbose url resolving [ 'https://registry.npmjs.org/', './aws-sdk' ]
21 verbose url resolved https://registry.npmjs.org/aws-sdk
22 verbose request where is https://registry.npmjs.org/aws-sdk
23 info trying registry request attempt 1 at 12:37:21
24 verbose etag "3IC4PEB1NYVPAZT08FU1GDT12"
25 http GET https://registry.npmjs.org/aws-sdk
26 http 200 https://registry.npmjs.org/aws-sdk
27 silly registry.get cb [ 200,
27 silly registry.get   { server: 'CouchDB/1.5.0 (Erlang OTP/R16B03)',
27 silly registry.get     etag: '"CPJDN8S446TA5AGX3UD0SJRW7"',
27 silly registry.get     'content-type': 'application/json',
27 silly registry.get     'cache-control': 'max-age=60',
27 silly registry.get     'content-length': '261081',
27 silly registry.get     'accept-ranges': 'bytes',
27 silly registry.get     date: 'Tue, 26 May 2015 09:37:22 GMT',
27 silly registry.get     via: '1.1 varnish',
27 silly registry.get     age: '0',
27 silly registry.get     connection: 'keep-alive',
27 silly registry.get     'x-served-by': 'cache-fra1229-FRA',
27 silly registry.get     'x-cache': 'HIT',
27 silly registry.get     'x-cache-hits': '1',
27 silly registry.get     'x-timer': 'S1432633042.618034,VS0,VE1',
27 silly registry.get     vary: 'Accept' } ]
28 silly addNameRange number 2 { name: 'aws-sdk', range: '*', hasData: true }
29 silly addNameRange versions [ 'aws-sdk',
29 silly addNameRange   [ '0.9.0-pre.1',
29 silly addNameRange     '0.9.1-pre.2',
29 silly addNameRange     '0.9.2-pre.3',
29 silly addNameRange     '0.9.3-pre.4',
29 silly addNameRange     '0.9.4-pre.5',
29 silly addNameRange     '0.9.5-pre.6',
29 silly addNameRange     '0.9.6-pre.7',
29 silly addNameRange     '0.9.7-pre.8',
29 silly addNameRange     '0.9.8-pre.9',
29 silly addNameRange     '0.9.9-pre.10',
29 silly addNameRange     '1.0.0',
29 silly addNameRange     '1.1.0',
29 silly addNameRange     '1.2.0',
29 silly addNameRange     '1.3.0',
29 silly addNameRange     '1.3.1',
29 silly addNameRange     '1.3.2',
29 silly addNameRange     '1.4.0',
29 silly addNameRange     '1.4.1',
29 silly addNameRange     '1.5.0',
29 silly addNameRange     '1.5.1',
29 silly addNameRange     '1.5.2',
29 silly addNameRange     '1.6.0',
29 silly addNameRange     '1.7.0',
29 silly addNameRange     '1.7.1',
29 silly addNameRange     '1.8.0',
29 silly addNameRange     '1.8.1',
29 silly addNameRange     '1.9.0',
29 silly addNameRange     '1.10.0',
29 silly addNameRange     '2.0.0-rc1',
29 silly addNameRange     '1.12.0',
29 silly addNameRange     '1.13.0',
29 silly addNameRange     '1.14.0',
29 silly addNameRange     '2.0.0-rc2',
29 silly addNameRange     '1.15.0',
29 silly addNameRange     '2.0.0-rc3',
29 silly addNameRange     '1.16.0',
29 silly addNameRange     '2.0.0-rc4',
29 silly addNameRange     '1.17.0',
29 silly addNameRange     '2.0.0-rc5',
29 silly addNameRange     '1.17.1',
29 silly addNameRange     '2.0.0-rc6',
29 silly addNameRange     '1.17.2',
29 silly addNameRange     '2.0.0-rc7',
29 silly addNameRange     '1.17.3',
29 silly addNameRange     '2.0.0-rc8',
29 silly addNameRange     '1.18.0',
29 silly addNameRange     '2.0.0-rc9',
29 silly addNameRange     '2.0.0-rc10',
29 silly addNameRange     '2.0.0-rc11',
29 silly addNameRange     '2.0.0-rc12',
29 silly addNameRange     '2.0.0-rc13',
29 silly addNameRange     '2.0.0-rc.14',
29 silly addNameRange     '2.0.0-rc.15',
29 silly addNameRange     '2.0.0-rc.16',
29 silly addNameRange     '2.0.0-rc.17',
29 silly addNameRange     '2.0.0-rc.18',
29 silly addNameRange     '2.0.0-rc.19',
29 silly addNameRange     '2.0.0-rc.20',
29 silly addNameRange     '2.0.1',
29 silly addNameRange     '2.0.2',
29 silly addNameRange     '2.0.3',
29 silly addNameRange     '2.0.4',
29 silly addNameRange     '2.0.5',
29 silly addNameRange     '2.0.6',
29 silly addNameRange     '2.0.7',
29 silly addNameRange     '2.0.8',
29 silly addNameRange     '2.0.9',
29 silly addNameRange     '2.0.10',
29 silly addNameRange     '2.0.11',
29 silly addNameRange     '2.0.12',
29 silly addNameRange     '2.0.13',
29 silly addNameRange     '2.0.14',
29 silly addNameRange     '2.0.15',
29 silly addNameRange     '2.0.16',
29 silly addNameRange     '2.0.17',
29 silly addNameRange     '2.0.18',
29 silly addNameRange     '2.0.19',
29 silly addNameRange     '2.0.21',
29 silly addNameRange     '2.0.22',
29 silly addNameRange     '2.0.23',
29 silly addNameRange     '2.0.24',
29 silly addNameRange     '2.0.25',
29 silly addNameRange     '2.0.26',
29 silly addNameRange     '2.0.27',
29 silly addNameRange     '2.0.28',
29 silly addNameRange     '2.0.29',
29 silly addNameRange     '2.0.30',
29 silly addNameRange     '2.0.31',
29 silly addNameRange     '2.1.0',
29 silly addNameRange     '2.1.1',
29 silly addNameRange     '2.1.2',
29 silly addNameRange     '2.1.3',
29 silly addNameRange     '2.1.4',
29 silly addNameRange     '2.1.5',
29 silly addNameRange     '2.1.6',
29 silly addNameRange     '2.1.7',
29 silly addNameRange     '2.1.8',
29 silly addNameRange     '2.1.9',
29 silly addNameRange     '2.1.10',
29 silly addNameRange     '2.1.11',
29 silly addNameRange     '2.1.12',
29 silly addNameRange     '2.1.13',
29 silly addNameRange     '2.1.14',
29 silly addNameRange     '2.1.15',
29 silly addNameRange     '2.1.16',
29 silly addNameRange     '2.1.17',
29 silly addNameRange     '2.1.18',
29 silly addNameRange     '2.1.19',
29 silly addNameRange     '2.1.20',
29 silly addNameRange     '2.1.21',
29 silly addNameRange     '2.1.22',
29 silly addNameRange     '2.1.23',
29 silly addNameRange     '2.1.24',
29 silly addNameRange     '2.1.25',
29 silly addNameRange     '2.1.26',
29 silly addNameRange     '2.1.27',
29 silly addNameRange     '2.1.28',
29 silly addNameRange     '2.1.29',
29 silly addNameRange     '2.1.30' ] ]
30 verbose addNamed [ 'aws-sdk', '2.1.30' ]
31 verbose addNamed [ '2.1.30', '2.1.30' ]
32 silly lockFile 57305165-aws-sdk-2-1-30 aws-sdk@2.1.30
33 verbose lock aws-sdk@2.1.30 /home/asafg84/.npm/57305165-aws-sdk-2-1-30.lock
34 silly lockFile 8dbeb9ca-s-org-aws-sdk-aws-sdk-2-1-30-tgz https://registry.npmjs.org/aws-sdk/-/aws-sdk-2.1.30.tgz
35 verbose lock https://registry.npmjs.org/aws-sdk/-/aws-sdk-2.1.30.tgz /home/asafg84/.npm/8dbeb9ca-s-org-aws-sdk-aws-sdk-2-1-30-tgz.lock
36 verbose addRemoteTarball [ 'https://registry.npmjs.org/aws-sdk/-/aws-sdk-2.1.30.tgz',
36 verbose addRemoteTarball   '2689adf814acd1c58520726dbf8600cf31f80e64' ]
37 info retry fetch attempt 1 at 12:37:22
38 verbose fetch to= /tmp/npm-7287-ycu_SPOF/registry.npmjs.org/aws-sdk/-/aws-sdk-2.1.30.tgz
39 http GET https://registry.npmjs.org/aws-sdk/-/aws-sdk-2.1.30.tgz
40 http 200 https://registry.npmjs.org/aws-sdk/-/aws-sdk-2.1.30.tgz
41 silly lockFile 8dbeb9ca-s-org-aws-sdk-aws-sdk-2-1-30-tgz https://registry.npmjs.org/aws-sdk/-/aws-sdk-2.1.30.tgz
42 silly lockFile 8dbeb9ca-s-org-aws-sdk-aws-sdk-2-1-30-tgz https://registry.npmjs.org/aws-sdk/-/aws-sdk-2.1.30.tgz
43 silly lockFile 57305165-aws-sdk-2-1-30 aws-sdk@2.1.30
44 silly lockFile 57305165-aws-sdk-2-1-30 aws-sdk@2.1.30
45 silly lockFile c43bae9a-aws-sdk aws-sdk@
46 silly lockFile c43bae9a-aws-sdk aws-sdk@
47 silly resolved [ { name: 'aws-sdk',
47 silly resolved     description: 'AWS SDK for JavaScript',
47 silly resolved     version: '2.1.30',
47 silly resolved     author: { name: 'Amazon Web Services', url: 'http://aws.amazon.com/' },
47 silly resolved     homepage: 'https://github.com/aws/aws-sdk-js',
47 silly resolved     contributors: [ [Object], [Object] ],
47 silly resolved     devDependencies:
47 silly resolved      { 'repl.history': '*',
47 silly resolved        semver: '*',
47 silly resolved        'coffee-script': '1.6.3',
47 silly resolved        eslint: '*',
47 silly resolved        cucumber: '*',
47 silly resolved        coffeeify: '*',
47 silly resolved        browserify: '3.x',
47 silly resolved        'uglify-js': '2.x',
47 silly resolved        mocha: '*',
47 silly resolved        chai: '*',
47 silly resolved        istanbul: '*',
47 silly resolved        coveralls: '2.x' },
47 silly resolved     dependencies: { sax: '0.5.3', xml2js: '0.2.8', xmlbuilder: '0.4.2' },
47 silly resolved     main: 'lib/aws.js',
47 silly resolved     browser: 'lib/browser.js',
47 silly resolved     browserify: { transform: './dist-tools/transform.js' },
47 silly resolved     directories: { lib: 'lib' },
47 silly resolved     engines: { node: '>= 0.8.0' },
47 silly resolved     repository: { type: 'git', url: 'git://github.com/aws/aws-sdk-js' },
47 silly resolved     bugs: { url: 'http://github.com/aws/aws-sdk-js/issues' },
47 silly resolved     license: 'Apache-2.0',
47 silly resolved     keywords:
47 silly resolved      [ 'api',
47 silly resolved        'amazon',
47 silly resolved        'aws',
47 silly resolved        'ec2',
47 silly resolved        'simpledb',
47 silly resolved        's3',
47 silly resolved        'sqs',
47 silly resolved        'ses',
47 silly resolved        'sns',
47 silly resolved        'route53',
47 silly resolved        'rds',
47 silly resolved        'elasticache',
47 silly resolved        'cloudfront',
47 silly resolved        'fps',
47 silly resolved        'cloudformation',
47 silly resolved        'cloudwatch',
47 silly resolved        'dynamodb',
47 silly resolved        'iam',
47 silly resolved        'swf',
47 silly resolved        'autoscaling',
47 silly resolved        'cloudsearch',
47 silly resolved        'elb',
47 silly resolved        'loadbalancing',
47 silly resolved        'emr',
47 silly resolved        'mapreduce',
47 silly resolved        'importexport',
47 silly resolved        'storagegateway',
47 silly resolved        'workflow',
47 silly resolved        'ebs',
47 silly resolved        'vpc',
47 silly resolved        'beanstalk',
47 silly resolved        'glacier',
47 silly resolved        'kinesis',
47 silly resolved        'cloudtrail' ],
47 silly resolved     scripts:
47 silly resolved      { test: 'npm -s run-script lint && npm -s run-script unit && npm -s run-script buildertest && npm -s run-script browsertest && ([ -f configuration ] && npm -s run-script integration || true)',
47 silly resolved        unit: 'istanbul `[ $COVERAGE ] && echo \'cover _mocha\' || echo \'test mocha\'` -- test test/json test/model test/protocol test/query test/services test/signers test/xml test/s3',
47 silly resolved        coverage: 'istanbul cover ./node_modules/mocha/bin/_mocha -- test test/json test/model test/protocol test/query test/services test/signers test/xml',
47 silly resolved        browsertest: 'rake browser:test',
47 silly resolved        buildertest: 'mocha --compilers coffee:coffee-script -s 1000 -t 10000 dist-tools/test',
47 silly resolved        integration: 'cucumber.js',
47 silly resolved        lint: 'eslint lib dist-tools/*.js',
47 silly resolved        console: './scripts/console' },
47 silly resolved     gitHead: '02164d0a77bd07051e9e1fcd6fabf8e9e7cc9129',
47 silly resolved     _id: 'aws-sdk@2.1.30',
47 silly resolved     _shasum: '2689adf814acd1c58520726dbf8600cf31f80e64',
47 silly resolved     _from: 'aws-sdk@',
47 silly resolved     _npmVersion: '1.4.28',
47 silly resolved     _npmUser: { name: 'aws', email: 'aws-sdk-js@amazon.com' },
47 silly resolved     maintainers: [ [Object] ],
47 silly resolved     dist:
47 silly resolved      { shasum: '2689adf814acd1c58520726dbf8600cf31f80e64',
47 silly resolved        tarball: 'http://registry.npmjs.org/aws-sdk/-/aws-sdk-2.1.30.tgz' },
47 silly resolved     _resolved: 'https://registry.npmjs.org/aws-sdk/-/aws-sdk-2.1.30.tgz' } ]
48 info install aws-sdk@2.1.30 into /usr/local/lib
49 info installOne aws-sdk@2.1.30
50 verbose lib/node_modules/aws-sdk unbuild
51 verbose tar unpack /home/asafg84/.npm/aws-sdk/2.1.30/package.tgz
52 silly lockFile 0208420e-r-local-lib-node-modules-aws-sdk tar:///usr/local/lib/node_modules/aws-sdk
53 verbose lock tar:///usr/local/lib/node_modules/aws-sdk /home/asafg84/.npm/0208420e-r-local-lib-node-modules-aws-sdk.lock
54 silly lockFile c73f235e-4-npm-aws-sdk-2-1-30-package-tgz tar:///home/asafg84/.npm/aws-sdk/2.1.30/package.tgz
55 verbose lock tar:///home/asafg84/.npm/aws-sdk/2.1.30/package.tgz /home/asafg84/.npm/c73f235e-4-npm-aws-sdk-2-1-30-package-tgz.lock
56 silly gunzTarPerm modes [ '775', '664' ]
57 error Error: EACCES, mkdir '/usr/local/lib/node_modules/aws-sdk'
57 error  { [Error: EACCES, mkdir '/usr/local/lib/node_modules/aws-sdk']
57 error   errno: 3,
57 error   code: 'EACCES',
57 error   path: '/usr/local/lib/node_modules/aws-sdk',
57 error   fstream_type: 'Directory',
57 error   fstream_path: '/usr/local/lib/node_modules/aws-sdk',
57 error   fstream_class: 'DirWriter',
57 error   fstream_stack:
57 error    [ '/usr/local/lib/node_modules/npm/node_modules/fstream/lib/dir-writer.js:36:23',
57 error      '/usr/local/lib/node_modules/npm/node_modules/mkdirp/index.js:46:53',
57 error      'Object.oncomplete (fs.js:108:15)' ] }
58 error Please try running this command again as root/Administrator.
59 error System Linux 3.13.0-52-generic
60 error command "/usr/local/bin/node" "/usr/local/bin/npm" "install" "-g" "aws-sdk"
61 error cwd /home/asafg84/projects/MobFox-JavaScript-SDK
62 error node -v v0.10.38
63 error npm -v 1.4.28
64 error path /usr/local/lib/node_modules/aws-sdk
65 error fstream_path /usr/local/lib/node_modules/aws-sdk
66 error fstream_type Directory
67 error fstream_class DirWriter
68 error code EACCES
69 error errno 3
70 error stack Error: EACCES, mkdir '/usr/local/lib/node_modules/aws-sdk'
71 error fstream_stack /usr/local/lib/node_modules/npm/node_modules/fstream/lib/dir-writer.js:36:23
71 error fstream_stack /usr/local/lib/node_modules/npm/node_modules/mkdirp/index.js:46:53
71 error fstream_stack Object.oncomplete (fs.js:108:15)
72 verbose exit [ 3, true ]
